2013-04-21 21:05:21 Error: [MissingControllerException] Controller class HomeController could not be found.
Exception Attributes: array (
  'class' => 'HomeController',
  'plugin' => NULL,
)
Request URL: /radionicaragua/
Stack Trace:
#0 C:\wamp\www\radionicaragua\app\webroot\index.php(109): Dispatcher->dispatch(Object(CakeRequest), Object(CakeResponse))
#1 {main}
2013-04-21 21:11:49 Error: [MissingViewException] View file "C:\wamp\www\radionicaragua\app\View\Home\index.ctp" is missing.
Exception Attributes: array (
  'file' => 'C:\\wamp\\www\\radionicaragua\\app\\View\\Home\\index.ctp',
)
Request URL: /radionicaragua/
Stack Trace:
#0 C:\wamp\www\radionicaragua\lib\Cake\View\View.php(468): View->_getViewFileName(NULL)
#1 C:\wamp\www\radionicaragua\lib\Cake\Controller\Controller.php(948): View->render(NULL, NULL)
#2 C:\wamp\www\radionicaragua\lib\Cake\Routing\Dispatcher.php(194): Controller->render()
#3 C:\wamp\www\radionicaragua\lib\Cake\Routing\Dispatcher.php(162): Dispatcher->_invoke(Object(HomeController), Object(CakeRequest), Object(CakeResponse))
#4 C:\wamp\www\radionicaragua\app\webroot\index.php(109): Dispatcher->dispatch(Object(CakeRequest), Object(CakeResponse))
#5 {main}
